<?xml version="1.0" encoding="UTF-8"?>
<testng-results skipped="0" failed="0" total="1" passed="1">
  <reporter-output>
  </reporter-output>
  <suite name="AmazonECommerceSuite" duration-ms="12562" started-at="2014-12-12T08:00:50Z" finished-at="2014-12-12T08:01:02Z">
    <groups>
    </groups>
    <test name="AddToCartTests" duration-ms="12562" started-at="2014-12-12T08:00:50Z" finished-at="2014-12-12T08:01:02Z">
      <class name="testproject.AmazonAddToCartTests">
        <test-method status="PASS" signature="initialize(java.lang.String, java.lang.String)[pri:0, instance:testproject.AmazonAddToCartTests@4c331059]" name="initialize" is-config="true" duration-ms="3461" started-at="2014-12-12T00:00:50Z" finished-at="2014-12-12T00:00:53Z">
          <params>
            <param index="0">
              <value>
                <![CDATA[http://www.amazon.com]]>
              </value>
            </param>
            <param index="1">
              <value>
                <![CDATA[chrome]]>
              </value>
            </param>
          </params>
          <reporter-output>
          </reporter-output>
        </test-method> <!-- initialize -->
        <test-method status="PASS" signature="addToCartTest()[pri:0, instance:testproject.AmazonAddToCartTests@4c331059]" name="addToCartTest" duration-ms="8303" started-at="2014-12-12T00:00:53Z" finished-at="2014-12-12T00:01:01Z">
          <reporter-output>
          </reporter-output>
        </test-method> <!-- addToCartTest -->
        <test-method status="PASS" signature="closeBrowser()[pri:0, instance:testproject.AmazonAddToCartTests@4c331059]" name="closeBrowser" is-config="true" duration-ms="778" started-at="2014-12-12T00:01:01Z" finished-at="2014-12-12T00:01:02Z">
          <reporter-output>
          </reporter-output>
        </test-method> <!-- closeBrowser -->
      </class> <!-- testproject.AmazonAddToCartTests -->
    </test> <!-- AddToCartTests -->
  </suite> <!-- AmazonECommerceSuite -->
</testng-results>
